C:\Users\13427\Desktop\Bdll\Debug\Bdll.lib
C:\Users\13427\Desktop\Bdll\Debug\Bdll.exp
C:\USERS\13427\DESKTOP\BDLL\BDLL\DEBUG\BDLL.OBJ
C:\USERS\13427\DESKTOP\BDLL\BDLL\DEBUG\VC110.PDB
C:\USERS\13427\DESKTOP\BDLL\DEBUG\BDLL.ILK
C:\USERS\13427\DESKTOP\BDLL\DEBUG\BDLL.DLL
C:\USERS\13427\DESKTOP\BDLL\DEBUG\BDLL.PDB
C:\Users\13427\Desktop\Bdll\Bdll\Debug\Bdll.obj
C:\Users\13427\Desktop\Bdll\Bdll\Debug\Bdll.write.1.tlog
C:\Users\13427\Desktop\Bdll\Bdll\Debug\cl.command.1.tlog
C:\Users\13427\Desktop\Bdll\Bdll\Debug\CL.read.1.tlog
C:\Users\13427\Desktop\Bdll\Bdll\Debug\CL.write.1.tlog
C:\Users\13427\Desktop\Bdll\Bdll\Debug\link-cvtres.read.1.tlog
C:\Users\13427\Desktop\Bdll\Bdll\Debug\link-cvtres.write.1.tlog
C:\Users\13427\Desktop\Bdll\Bdll\Debug\link-rc.read.1.tlog
C:\Users\13427\Desktop\Bdll\Bdll\Debug\link-rc.write.1.tlog
C:\Users\13427\Desktop\Bdll\Bdll\Debug\link.command.1.tlog
C:\Users\13427\Desktop\Bdll\Bdll\Debug\link.read.1.tlog
C:\Users\13427\Desktop\Bdll\Bdll\Debug\link.write.1.tlog
C:\Users\13427\Desktop\Bdll\Bdll\Debug\vc110.idb
C:\Users\13427\Desktop\Bdll\Bdll\Debug\vc110.pdb
C:\Users\13427\Desktop\Bdll\Debug\Bdll.pdb
C:\Users\13427\Desktop\Bdll\Debug\Bdll.dll
C:\Users\13427\Desktop\Bdll\Debug\Bdll.ilk
