C:\Users\13427\Desktop\Cdll\Debug\Cdll.lib
C:\Users\13427\Desktop\Cdll\Debug\Cdll.exp
C:\USERS\13427\DESKTOP\CDLL\CDLL\DEBUG\CDLL.OBJ
C:\USERS\13427\DESKTOP\CDLL\CDLL\DEBUG\VC110.PDB
C:\USERS\13427\DESKTOP\CDLL\DEBUG\CDLL.ILK
C:\USERS\13427\DESKTOP\CDLL\DEBUG\CDLL.DLL
C:\USERS\13427\DESKTOP\CDLL\DEBUG\CDLL.PDB
C:\Users\13427\Desktop\Cdll\Cdll\Debug\Cdll.obj
C:\Users\13427\Desktop\Cdll\Cdll\Debug\Cdll.write.1.tlog
C:\Users\13427\Desktop\Cdll\Cdll\Debug\cl.command.1.tlog
C:\Users\13427\Desktop\Cdll\Cdll\Debug\CL.read.1.tlog
C:\Users\13427\Desktop\Cdll\Cdll\Debug\CL.write.1.tlog
C:\Users\13427\Desktop\Cdll\Cdll\Debug\link-cvtres.read.1.tlog
C:\Users\13427\Desktop\Cdll\Cdll\Debug\link-cvtres.write.1.tlog
C:\Users\13427\Desktop\Cdll\Cdll\Debug\link-rc.read.1.tlog
C:\Users\13427\Desktop\Cdll\Cdll\Debug\link-rc.write.1.tlog
C:\Users\13427\Desktop\Cdll\Cdll\Debug\link.command.1.tlog
C:\Users\13427\Desktop\Cdll\Cdll\Debug\link.read.1.tlog
C:\Users\13427\Desktop\Cdll\Cdll\Debug\link.write.1.tlog
C:\Users\13427\Desktop\Cdll\Cdll\Debug\vc110.idb
C:\Users\13427\Desktop\Cdll\Cdll\Debug\vc110.pdb
