C:\USERS\13427\DESKTOP\DDIV\DDIV\DEBUG\DDIV.OBJ
C:\USERS\13427\DESKTOP\DDIV\DDIV\DEBUG\VC110.PDB
C:\Users\13427\Desktop\Ddiv\Debug\Ddiv.lib
C:\Users\13427\Desktop\Ddiv\Debug\Ddiv.exp
C:\USERS\13427\DESKTOP\DDIV\DEBUG\DDIV.ILK
C:\USERS\13427\DESKTOP\DDIV\DEBUG\DDIV.EXE
C:\USERS\13427\DESKTOP\DDIV\DEBUG\DDIV.PDB
C:\Users\13427\Desktop\Ddiv\Ddiv\Debug\Ddiv.obj
C:\Users\13427\Desktop\Ddiv\Ddiv\Debug\cl.command.1.tlog
C:\Users\13427\Desktop\Ddiv\Ddiv\Debug\CL.read.1.tlog
C:\Users\13427\Desktop\Ddiv\Ddiv\Debug\CL.write.1.tlog
C:\Users\13427\Desktop\Ddiv\Ddiv\Debug\Ddiv.write.1.tlog
C:\Users\13427\Desktop\Ddiv\Ddiv\Debug\link-cvtres.read.1.tlog
C:\Users\13427\Desktop\Ddiv\Ddiv\Debug\link-cvtres.write.1.tlog
C:\Users\13427\Desktop\Ddiv\Ddiv\Debug\link-rc.read.1.tlog
C:\Users\13427\Desktop\Ddiv\Ddiv\Debug\link-rc.write.1.tlog
C:\Users\13427\Desktop\Ddiv\Ddiv\Debug\link.command.1.tlog
C:\Users\13427\Desktop\Ddiv\Ddiv\Debug\link.read.1.tlog
C:\Users\13427\Desktop\Ddiv\Ddiv\Debug\link.write.1.tlog
C:\Users\13427\Desktop\Ddiv\Ddiv\Debug\vc110.idb
C:\Users\13427\Desktop\Ddiv\Ddiv\Debug\vc110.pdb
C:\Users\13427\Desktop\Ddiv\Debug\Ddiv.pdb
C:\Users\13427\Desktop\Ddiv\Debug\Ddiv.exe
C:\Users\13427\Desktop\Ddiv\Debug\Ddiv.ilk
